<?xml version="1.0" encoding="utf-8" standalone="no"?>
<!--This file represents the results of running a test suite-->
<test-results name="C:\Users\james.bloom\Documents\Visual Studio 2010\Projects\BurritoPOS\BurritoPOS\BurritoPOSTests.nunit" total="49" errors="0" failures="0" not-run="0" inconclusive="0" ignored="0" skipped="0" invalid="0" date="2012-03-20" time="10:26:29">
  <environment nunit-version="2.5.10.11092" clr-version="2.0.50727.5448" os-version="Microsoft Windows NT 6.1.7601 Service Pack 1" platform="Win32NT" cwd="C:\Program Files (x86)\NUnit 2.5.10\bin\net-2.0" machine-name="ISS201706" user="james.bloom" user-domain="ISSINC" />
  <culture-info current-culture="en-US" current-uiculture="en-US" />
  <test-suite type="Project" name="C:\Users\james.bloom\Documents\Visual Studio 2010\Projects\BurritoPOS\BurritoPOS\BurritoPOSTests.nunit" executed="True" result="Success" success="True" time="11.201" asserts="0">
    <results>
      <test-suite type="Assembly" name="C:\Users\james.bloom\Documents\Visual Studio 2010\Projects\BurritoPOS\BurritoPOS\bin\Release\BurritoPOS.exe" executed="True" result="Success" success="True" time="11.200" asserts="0">
        <results>
          <test-suite type="Namespace" name="BurritoPOS" executed="True" result="Success" success="True" time="11.200" asserts="0">
            <results>
              <test-suite type="Namespace" name="business" executed="True" result="Success" success="True" time="10.463" asserts="0">
                <results>
                  <test-suite type="Namespace" name="test" executed="True" result="Success" success="True" time="10.457" asserts="0">
                    <results>
                      <test-suite type="TestFixture" name="BurritoManagerTestCase" executed="True" result="Success" success="True" time="0.643" asserts="0">
                        <results>
                          <test-case name="BurritoPOS.business.test.BurritoManagerTestCase.testCalculatePrice" executed="True" result="Success" success="True" time="0.270" asserts="2" />
                          <test-case name="BurritoPOS.business.test.BurritoManagerTestCase.testCreateBurrito" executed="True" result="Success" success="True" time="0.277" asserts="2" />
                          <test-case name="BurritoPOS.business.test.BurritoManagerTestCase.testUpdateBurrito" executed="True" result="Success" success="True" time="0.053" asserts="3" />
                        </results>
                      </test-suite>
                      <test-suite type="TestFixture" name="InventoryManagerTestCase" executed="True" result="Success" success="True" time="1.254" asserts="0">
                        <results>
                          <test-case name="BurritoPOS.business.test.InventoryManagerTestCase.testCreateInventory" executed="True" result="Success" success="True" time="0.061" asserts="2" />
                          <test-case name="BurritoPOS.business.test.InventoryManagerTestCase.testRemoveFromInventoryBurrito" executed="True" result="Success" success="True" time="0.125" asserts="3" />
                          <test-case name="BurritoPOS.business.test.InventoryManagerTestCase.testRemoveFromInventoryOrder" executed="True" result="Success" success="True" time="0.399" asserts="3" />
                          <test-case name="BurritoPOS.business.test.InventoryManagerTestCase.testReturnToInventoryBurrito" executed="True" result="Success" success="True" time="0.226" asserts="3" />
                          <test-case name="BurritoPOS.business.test.InventoryManagerTestCase.testReturnToInventoryOrder" executed="True" result="Success" success="True" time="0.227" asserts="3" />
                          <test-case name="BurritoPOS.business.test.InventoryManagerTestCase.testUpdateInventory" executed="True" result="Success" success="True" time="0.108" asserts="3" />
                        </results>
                      </test-suite>
                      <test-suite type="TestFixture" name="OrderManagerTestCase" executed="True" result="Success" success="True" time="8.543" asserts="0">
                        <results>
                          <test-case name="BurritoPOS.business.test.OrderManagerTestCase.testAddBurritoToOrder" executed="True" result="Success" success="True" time="0.685" asserts="3" />
                          <test-case name="BurritoPOS.business.test.OrderManagerTestCase.testCalculateTotal" executed="True" result="Success" success="True" time="2.589" asserts="6" />
                          <test-case name="BurritoPOS.business.test.OrderManagerTestCase.testCreateOrder" executed="True" result="Success" success="True" time="0.723" asserts="2" />
                          <test-case name="BurritoPOS.business.test.OrderManagerTestCase.testEditBurritoToOrder" executed="True" result="Success" success="True" time="0.490" asserts="4" />
                          <test-case name="BurritoPOS.business.test.OrderManagerTestCase.testgetOrderHistories" executed="True" result="Success" success="True" time="0.826" asserts="3" />
                          <test-case name="BurritoPOS.business.test.OrderManagerTestCase.testInvalidRemoveBurritoFromOrder" executed="True" result="Success" success="True" time="0.545" asserts="3" />
                          <test-case name="BurritoPOS.business.test.OrderManagerTestCase.testInvalidSubmitOrder" executed="True" result="Success" success="True" time="0.592" asserts="4" />
                          <test-case name="BurritoPOS.business.test.OrderManagerTestCase.testRemoveBurritoFromOrder" executed="True" result="Success" success="True" time="0.572" asserts="4" />
                          <test-case name="BurritoPOS.business.test.OrderManagerTestCase.testSubmitOrder" executed="True" result="Success" success="True" time="1.308" asserts="4" />
                        </results>
                      </test-suite>
                    </results>
                  </test-suite>
                </results>
              </test-suite>
              <test-suite type="Namespace" name="domain" executed="True" result="Success" success="True" time="0.219" asserts="0">
                <results>
                  <test-suite type="Namespace" name="test" executed="True" result="Success" success="True" time="0.219" asserts="0">
                    <results>
                      <test-suite type="TestFixture" name="BurritoTestCase" executed="True" result="Success" success="True" time="0.019" asserts="0">
                        <results>
                          <test-case name="BurritoPOS.domain.test.BurritoTestCase.testEqualsObject" executed="True" result="Success" success="True" time="0.001" asserts="1" />
                          <test-case name="BurritoPOS.domain.test.BurritoTestCase.testInvalidBurrito" executed="True" result="Success" success="True" time="0.001" asserts="1" />
                          <test-case name="BurritoPOS.domain.test.BurritoTestCase.testNotEqualsBurrito" executed="True" result="Success" success="True" time="0.001" asserts="1" />
                          <test-case name="BurritoPOS.domain.test.BurritoTestCase.testValidBurrito" executed="True" result="Success" success="True" time="0.001" asserts="1" />
                        </results>
                      </test-suite>
                      <test-suite type="TestFixture" name="CustomerTestCase" executed="True" result="Success" success="True" time="0.024" asserts="0">
                        <results>
                          <test-case name="BurritoPOS.domain.test.CustomerTestCase.testEqualsObject" executed="True" result="Success" success="True" time="0.002" asserts="1" />
                          <test-case name="BurritoPOS.domain.test.CustomerTestCase.testInvalidCustomer" executed="True" result="Success" success="True" time="0.001" asserts="1" />
                          <test-case name="BurritoPOS.domain.test.CustomerTestCase.testNotEqualsCustomer" executed="True" result="Success" success="True" time="0.001" asserts="1" />
                          <test-case name="BurritoPOS.domain.test.CustomerTestCase.testValidate" executed="True" result="Success" success="True" time="0.003" asserts="1" />
                        </results>
                      </test-suite>
                      <test-suite type="TestFixture" name="EmployeeTestCase" executed="True" result="Success" success="True" time="0.020" asserts="0">
                        <results>
                          <test-case name="BurritoPOS.domain.test.EmployeeTestCase.testEqualsEmployee" executed="True" result="Success" success="True" time="0.001" asserts="1" />
                          <test-case name="BurritoPOS.domain.test.EmployeeTestCase.testInvalidEmployee" executed="True" result="Success" success="True" time="0.001" asserts="1" />
                          <test-case name="BurritoPOS.domain.test.EmployeeTestCase.testNotEqualsEmployee" executed="True" result="Success" success="True" time="0.001" asserts="1" />
                          <test-case name="BurritoPOS.domain.test.EmployeeTestCase.testValidateEmployee" executed="True" result="Success" success="True" time="0.001" asserts="1" />
                        </results>
                      </test-suite>
                      <test-suite type="TestFixture" name="InventoryTestCase" executed="True" result="Success" success="True" time="0.052" asserts="0">
                        <results>
                          <test-case name="BurritoPOS.domain.test.InventoryTestCase.testEqualsInventory" executed="True" result="Success" success="True" time="0.007" asserts="1" />
                          <test-case name="BurritoPOS.domain.test.InventoryTestCase.testInvalidInventory" executed="True" result="Success" success="True" time="0.004" asserts="1" />
                          <test-case name="BurritoPOS.domain.test.InventoryTestCase.testNotEqualsInventory" executed="True" result="Success" success="True" time="0.006" asserts="1" />
                          <test-case name="BurritoPOS.domain.test.InventoryTestCase.testValidateInventory" executed="True" result="Success" success="True" time="0.003" asserts="1" />
                        </results>
                      </test-suite>
                      <test-suite type="TestFixture" name="ManagerTestCase" executed="True" result="Success" success="True" time="0.029" asserts="0">
                        <results>
                          <test-case name="BurritoPOS.domain.test.ManagerTestCase.testEqualsManager" executed="True" result="Success" success="True" time="0.004" asserts="1" />
                          <test-case name="BurritoPOS.domain.test.ManagerTestCase.testInvalidManager" executed="True" result="Success" success="True" time="0.003" asserts="1" />
                          <test-case name="BurritoPOS.domain.test.ManagerTestCase.testNotEqualsManager" executed="True" result="Success" success="True" time="0.001" asserts="1" />
                          <test-case name="BurritoPOS.domain.test.ManagerTestCase.testValidateManager" executed="True" result="Success" success="True" time="0.002" asserts="1" />
                        </results>
                      </test-suite>
                      <test-suite type="TestFixture" name="OrderTestCase" executed="True" result="Success" success="True" time="0.033" asserts="0">
                        <results>
                          <test-case name="BurritoPOS.domain.test.OrderTestCase.testEqualsOrder" executed="True" result="Success" success="True" time="0.002" asserts="1" />
                          <test-case name="BurritoPOS.domain.test.OrderTestCase.testInvalidOrder" executed="True" result="Success" success="True" time="0.002" asserts="1" />
                          <test-case name="BurritoPOS.domain.test.OrderTestCase.testNotEqualsOrder" executed="True" result="Success" success="True" time="0.001" asserts="1" />
                          <test-case name="BurritoPOS.domain.test.OrderTestCase.testValidateOrder" executed="True" result="Success" success="True" time="0.005" asserts="1" />
                        </results>
                      </test-suite>
                    </results>
                  </test-suite>
                </results>
              </test-suite>
              <test-suite type="Namespace" name="service" executed="True" result="Success" success="True" time="0.496" asserts="0">
                <results>
                  <test-suite type="Namespace" name="test" executed="True" result="Success" success="True" time="0.495" asserts="0">
                    <results>
                      <test-suite type="TestFixture" name="BurritoSvcImplTestCase" executed="True" result="Success" success="True" time="0.070" asserts="0">
                        <results>
                          <test-case name="BurritoPOS.service.test.BurritoSvcImplTestCase.testBurritoSvc" executed="True" result="Success" success="True" time="0.068" asserts="4" />
                        </results>
                      </test-suite>
                      <test-suite type="TestFixture" name="CustomerSvcImplTestCase" executed="True" result="Success" success="True" time="0.074" asserts="0">
                        <results>
                          <test-case name="BurritoPOS.service.test.CustomerSvcImplTestCase.testCustomerSvc" executed="True" result="Success" success="True" time="0.035" asserts="4" />
                          <test-case name="BurritoPOS.service.test.CustomerSvcImplTestCase.testInvalidGetCustomer" executed="True" result="Success" success="True" time="0.022" asserts="1" />
                        </results>
                      </test-suite>
                      <test-suite type="TestFixture" name="EmployeeSvcImplTestCase" executed="True" result="Success" success="True" time="0.029" asserts="0">
                        <results>
                          <test-case name="BurritoPOS.service.test.EmployeeSvcImplTestCase.testStoreEmployee" executed="True" result="Success" success="True" time="0.027" asserts="4" />
                        </results>
                      </test-suite>
                      <test-suite type="TestFixture" name="InventorySvcImplTestCase" executed="True" result="Success" success="True" time="0.086" asserts="0">
                        <results>
                          <test-case name="BurritoPOS.service.test.InventorySvcImplTestCase.testStoreInventory" executed="True" result="Success" success="True" time="0.085" asserts="4" />
                        </results>
                      </test-suite>
                      <test-suite type="TestFixture" name="ManagerSvcImplTestCase" executed="True" result="Success" success="True" time="0.051" asserts="0">
                        <results>
                          <test-case name="BurritoPOS.service.test.ManagerSvcImplTestCase.testStoreManager" executed="True" result="Success" success="True" time="0.048" asserts="4" />
                        </results>
                      </test-suite>
                      <test-suite type="TestFixture" name="OrderSvcImplTestCase" executed="True" result="Success" success="True" time="0.127" asserts="0">
                        <results>
                          <test-case name="BurritoPOS.service.test.OrderSvcImplTestCase.testStoreOrder" executed="True" result="Success" success="True" time="0.123" asserts="4" />
                        </results>
                      </test-suite>
                    </results>
                  </test-suite>
                </results>
              </test-suite>
            </results>
          </test-suite>
        </results>
      </test-suite>
    </results>
  </test-suite>
</test-results>